build/app/intermediates/manifest_merge_blame_file/debug/manifest-merger-blame-debug-report.txt
1<?xml version="1.0" encoding="utf-8"?>
2<manifest xmlns:android="http://schemas.android.com/apk/res/android"
3    package="com.example.flutter_app"
4    android:versionCode="1"
5    android:versionName="0.1.0" >
6
7    <uses-sdk
8        android:minSdkVersion="21"
9        android:targetSdkVersion="33" />
10    <!--
11         The INTERNET permission is required for development. Specifically,
12         the Flutter tool needs it to communicate with the running application
13         to allow setting breakpoints, to provide hot reload, etc.
14    -->
15    <uses-permission android:name="android.permission.INTERNET" />
15-->src\debug\AndroidManifest.xml:7:5-66
15-->src\debug\AndroidManifest.xml:7:22-64
16    <uses-permission android:name="android.permission.ACCESS_NETWORK_STATE" />
16-->[com.google.firebase:firebase-auth:22.3.1] AndroidManifest.xml:26:5-79
16-->[com.google.firebase:firebase-auth:22.3.1] AndroidManifest.xml:26:22-76
17    <uses-permission android:name="android.permission.WAKE_LOCK" />
17-->[com.google.android.gms:play-services-measurement-api:21.5.0] AndroidManifest.xml:24:5-68
17-->[com.google.android.gms:play-services-measurement-api:21.5.0] AndroidManifest.xml:24:22-65
18    <uses-permission android:name="com.google.android.gms.permission.AD_ID" />
18-->[com.google.android.gms:play-services-measurement-api:21.5.0] AndroidManifest.xml:25:5-79
18-->[com.google.android.gms:play-services-measurement-api:21.5.0] AndroidManifest.xml:25:22-76
19    <uses-permission android:name="android.permission.ACCESS_ADSERVICES_ATTRIBUTION" />
19-->[com.google.android.gms:play-services-measurement-api:21.5.0] AndroidManifest.xml:26:5-88
19-->[com.google.android.gms:play-services-measurement-api:21.5.0] AndroidManifest.xml:26:22-85
20    <uses-permission android:name="android.permission.ACCESS_ADSERVICES_AD_ID" />
20-->[com.google.android.gms:play-services-measurement-api:21.5.0] AndroidManifest.xml:27:5-82
20-->[com.google.android.gms:play-services-measurement-api:21.5.0] AndroidManifest.xml:27:22-79
21    <uses-permission android:name="com.google.android.finsky.permission.BIND_GET_INSTALL_REFERRER_SERVICE" />
21-->[com.google.android.gms:play-services-measurement:21.5.0] AndroidManifest.xml:26:5-110
21-->[com.google.android.gms:play-services-measurement:21.5.0] AndroidManifest.xml:26:22-107
22    <uses-permission android:name="com.google.android.providers.gsf.permission.READ_GSERVICES" />
22-->[com.google.android.recaptcha:recaptcha:18.4.0] AndroidManifest.xml:9:5-98
22-->[com.google.android.recaptcha:recaptcha:18.4.0] AndroidManifest.xml:9:22-95
23
24    <permission
24-->[androidx.core:core:1.9.0] AndroidManifest.xml:22:5-24:47
25        android:name="com.example.flutter_app.DYNAMIC_RECEIVER_NOT_EXPORTED_PERMISSION"
25-->[androidx.core:core:1.9.0] AndroidManifest.xml:23:9-81
26        android:protectionLevel="signature" />
26-->[androidx.core:core:1.9.0] AndroidManifest.xml:24:9-44
27
28    <uses-permission android:name="com.example.flutter_app.DYNAMIC_RECEIVER_NOT_EXPORTED_PERMISSION" />
28-->[androidx.core:core:1.9.0] AndroidManifest.xml:26:5-97
28-->[androidx.core:core:1.9.0] AndroidManifest.xml:26:22-94
29
30    <application
31        android:name="android.app.Application"
32        android:appComponentFactory="androidx.core.app.CoreComponentFactory"
32-->[androidx.core:core:1.9.0] AndroidManifest.xml:28:18-86
33        android:debuggable="true"
34        android:icon="@mipmap/ic_launcher"
35        android:label="flutter_app" >
36        <activity
37            android:name="com.example.flutter_app.MainActivity"
38            android:configChanges="orientation|keyboardHidden|keyboard|screenSize|smallestScreenSize|locale|layoutDirection|fontScale|screenLayout|density|uiMode"
39            android:exported="true"
40            android:hardwareAccelerated="true"
41            android:launchMode="singleTop"
42            android:theme="@style/LaunchTheme"
43            android:windowSoftInputMode="adjustResize" >
44
45            <!--
46                 Specifies an Android theme to apply to this Activity as soon as
47                 the Android process has started. This theme is visible to the user
48                 while the Flutter UI initializes. After that, this theme continues
49                 to determine the Window background behind the Flutter UI.
50            -->
51            <meta-data
52                android:name="io.flutter.embedding.android.NormalTheme"
53                android:resource="@style/NormalTheme" />
54
55            <intent-filter>
56                <action android:name="android.intent.action.MAIN" />
57
58                <category android:name="android.intent.category.LAUNCHER" />
59            </intent-filter>
60        </activity>
61        <!--
62             Don't delete the meta-data below.
63             This is used by the Flutter tool to generate GeneratedPluginRegistrant.java
64        -->
65        <meta-data
66            android:name="flutterEmbedding"
67            android:value="2" />
68
69        <service
69-->[:firebase_auth] AndroidManifest.xml:10:9-14:19
70            android:name="com.google.firebase.components.ComponentDiscoveryService"
70-->[:firebase_auth] AndroidManifest.xml:10:18-89
71            android:directBootAware="true"
71-->[com.google.firebase:firebase-common:20.4.2] AndroidManifest.xml:32:13-43
72            android:exported="false" >
72-->[com.google.firebase:firebase-auth:22.3.1] AndroidManifest.xml:68:13-37
73            <meta-data
73-->[:firebase_auth] AndroidManifest.xml:11:13-13:85
74                android:name="com.google.firebase.components:io.flutter.plugins.firebase.auth.FlutterFirebaseAuthRegistrar"
74-->[:firebase_auth] AndroidManifest.xml:12:17-124
75                android:value="com.google.firebase.components.ComponentRegistrar" />
75-->[:firebase_auth] AndroidManifest.xml:13:17-82
76            <meta-data
76-->[:cloud_firestore] AndroidManifest.xml:11:13-13:85
77                android:name="com.google.firebase.components:io.flutter.plugins.firebase.firestore.FlutterFirebaseFirestoreRegistrar"
77-->[:cloud_firestore] AndroidManifest.xml:12:17-134
78                android:value="com.google.firebase.components.ComponentRegistrar" />
78-->[:cloud_firestore] AndroidManifest.xml:13:17-82
79            <meta-data
79-->[:firebase_core] AndroidManifest.xml:11:13-13:85
80                android:name="com.google.firebase.components:io.flutter.plugins.firebase.core.FlutterFirebaseCoreRegistrar"
80-->[:firebase_core] AndroidManifest.xml:12:17-124
81                android:value="com.google.firebase.components.ComponentRegistrar" />
81-->[:firebase_core] AndroidManifest.xml:13:17-82
82            <meta-data
82-->[com.google.firebase:firebase-auth:22.3.1] AndroidManifest.xml:69:13-71:85
83                android:name="com.google.firebase.components:com.google.firebase.auth.FirebaseAuthRegistrar"
83-->[com.google.firebase:firebase-auth:22.3.1] AndroidManifest.xml:70:17-109
84                android:value="com.google.firebase.components.ComponentRegistrar" />
84-->[com.google.firebase:firebase-auth:22.3.1] AndroidManifest.xml:71:17-82
85            <meta-data
85-->[com.google.firebase:firebase-firestore:24.10.1] AndroidManifest.xml:17:13-19:85
86                android:name="com.google.firebase.components:com.google.firebase.firestore.FirebaseFirestoreKtxRegistrar"
86-->[com.google.firebase:firebase-firestore:24.10.1] AndroidManifest.xml:18:17-122
87                android:value="com.google.firebase.components.ComponentRegistrar" />
87-->[com.google.firebase:firebase-firestore:24.10.1] AndroidManifest.xml:19:17-82
88            <meta-data
88-->[com.google.firebase:firebase-firestore:24.10.1] AndroidManifest.xml:20:13-22:85
89                android:name="com.google.firebase.components:com.google.firebase.firestore.FirestoreRegistrar"
89-->[com.google.firebase:firebase-firestore:24.10.1] AndroidManifest.xml:21:17-111
90                android:value="com.google.firebase.components.ComponentRegistrar" />
90-->[com.google.firebase:firebase-firestore:24.10.1] AndroidManifest.xml:22:17-82
91            <meta-data
91-->[com.google.android.gms:play-services-measurement-api:21.5.0] AndroidManifest.xml:37:13-39:85
92                android:name="com.google.firebase.components:com.google.firebase.analytics.connector.internal.AnalyticsConnectorRegistrar"
92-->[com.google.android.gms:play-services-measurement-api:21.5.0] AndroidManifest.xml:38:17-139
93                android:value="com.google.firebase.components.ComponentRegistrar" />
93-->[com.google.android.gms:play-services-measurement-api:21.5.0] AndroidManifest.xml:39:17-82
94            <meta-data
94-->[com.google.firebase:firebase-installations:17.2.0] AndroidManifest.xml:15:13-17:85
95                android:name="com.google.firebase.components:com.google.firebase.installations.FirebaseInstallationsKtxRegistrar"
95-->[com.google.firebase:firebase-installations:17.2.0] AndroidManifest.xml:16:17-130
96                android:value="com.google.firebase.components.ComponentRegistrar" />
96-->[com.google.firebase:firebase-installations:17.2.0] AndroidManifest.xml:17:17-82
97            <meta-data
97-->[com.google.firebase:firebase-installations:17.2.0] AndroidManifest.xml:18:13-20:85
98                android:name="com.google.firebase.components:com.google.firebase.installations.FirebaseInstallationsRegistrar"
98-->[com.google.firebase:firebase-installations:17.2.0] AndroidManifest.xml:19:17-127
99                android:value="com.google.firebase.components.ComponentRegistrar" />
99-->[com.google.firebase:firebase-installations:17.2.0] AndroidManifest.xml:20:17-82
100            <meta-data
100-->[com.google.firebase:firebase-common-ktx:20.4.2] AndroidManifest.xml:12:13-14:85
101                android:name="com.google.firebase.components:com.google.firebase.ktx.FirebaseCommonLegacyRegistrar"
101-->[com.google.firebase:firebase-common-ktx:20.4.2] AndroidManifest.xml:13:17-116
102                android:value="com.google.firebase.components.ComponentRegistrar" />
102-->[com.google.firebase:firebase-common-ktx:20.4.2] AndroidManifest.xml:14:17-82
103            <meta-data
103-->[com.google.firebase:firebase-common:20.4.2] AndroidManifest.xml:35:13-37:85
104                android:name="com.google.firebase.components:com.google.firebase.FirebaseCommonKtxRegistrar"
104-->[com.google.firebase:firebase-common:20.4.2] AndroidManifest.xml:36:17-109
105                android:value="com.google.firebase.components.ComponentRegistrar" />
105-->[com.google.firebase:firebase-common:20.4.2] AndroidManifest.xml:37:17-82
106        </service>
107
108        <activity
108-->[com.google.firebase:firebase-auth:22.3.1] AndroidManifest.xml:29:9-46:20
109            android:name="com.google.firebase.auth.internal.GenericIdpActivity"
109-->[com.google.firebase:firebase-auth:22.3.1] AndroidManifest.xml:30:13-80
110            android:excludeFromRecents="true"
110-->[com.google.firebase:firebase-auth:22.3.1] AndroidManifest.xml:31:13-46
111            android:exported="true"
111-->[com.google.firebase:firebase-auth:22.3.1] AndroidManifest.xml:32:13-36
112            android:launchMode="singleTask"
112-->[com.google.firebase:firebase-auth:22.3.1] AndroidManifest.xml:33:13-44
113            android:theme="@android:style/Theme.Translucent.NoTitleBar" >
113-->[com.google.firebase:firebase-auth:22.3.1] AndroidManifest.xml:34:13-72
114            <intent-filter>
114-->[com.google.firebase:firebase-auth:22.3.1] AndroidManifest.xml:35:13-45:29
115                <action android:name="android.intent.action.VIEW" />
115-->[com.google.firebase:firebase-auth:22.3.1] AndroidManifest.xml:36:17-69
115-->[com.google.firebase:firebase-auth:22.3.1] AndroidManifest.xml:36:25-66
116
117                <category android:name="android.intent.category.DEFAULT" />
117-->[com.google.firebase:firebase-auth:22.3.1] AndroidManifest.xml:38:17-76
117-->[com.google.firebase:firebase-auth:22.3.1] AndroidManifest.xml:38:27-73
118                <category android:name="android.intent.category.BROWSABLE" />
118-->[com.google.firebase:firebase-auth:22.3.1] AndroidManifest.xml:39:17-78
118-->[com.google.firebase:firebase-auth:22.3.1] AndroidManifest.xml:39:27-75
119
120                <data
120-->[com.google.firebase:firebase-auth:22.3.1] AndroidManifest.xml:41:17-44:51
121                    android:host="firebase.auth"
121-->[com.google.firebase:firebase-auth:22.3.1] AndroidManifest.xml:42:21-49
122                    android:path="/"
122-->[com.google.firebase:firebase-auth:22.3.1] AndroidManifest.xml:43:21-37
123                    android:scheme="genericidp" />
123-->[com.google.firebase:firebase-auth:22.3.1] AndroidManifest.xml:44:21-48
124            </intent-filter>
125        </activity>
126        <activity
126-->[com.google.firebase:firebase-auth:22.3.1] AndroidManifest.xml:47:9-64:20
127            android:name="com.google.firebase.auth.internal.RecaptchaActivity"
127-->[com.google.firebase:firebase-auth:22.3.1] AndroidManifest.xml:48:13-79
128            android:excludeFromRecents="true"
128-->[com.google.firebase:firebase-auth:22.3.1] AndroidManifest.xml:49:13-46
129            android:exported="true"
129-->[com.google.firebase:firebase-auth:22.3.1] AndroidManifest.xml:50:13-36
130            android:launchMode="singleTask"
130-->[com.google.firebase:firebase-auth:22.3.1] AndroidManifest.xml:51:13-44
131            android:theme="@android:style/Theme.Translucent.NoTitleBar" >
131-->[com.google.firebase:firebase-auth:22.3.1] AndroidManifest.xml:52:13-72
132            <intent-filter>
132-->[com.google.firebase:firebase-auth:22.3.1] AndroidManifest.xml:53:13-63:29
133                <action android:name="android.intent.action.VIEW" />
133-->[com.google.firebase:firebase-auth:22.3.1] AndroidManifest.xml:36:17-69
133-->[com.google.firebase:firebase-auth:22.3.1] AndroidManifest.xml:36:25-66
134
135                <category android:name="android.intent.category.DEFAULT" />
135-->[com.google.firebase:firebase-auth:22.3.1] AndroidManifest.xml:38:17-76
135-->[com.google.firebase:firebase-auth:22.3.1] AndroidManifest.xml:38:27-73
136                <category android:name="android.intent.category.BROWSABLE" />
136-->[com.google.firebase:firebase-auth:22.3.1] AndroidManifest.xml:39:17-78
136-->[com.google.firebase:firebase-auth:22.3.1] AndroidManifest.xml:39:27-75
137
138                <data
138-->[com.google.firebase:firebase-auth:22.3.1] AndroidManifest.xml:41:17-44:51
139                    android:host="firebase.auth"
139-->[com.google.firebase:firebase-auth:22.3.1] AndroidManifest.xml:42:21-49
140                    android:path="/"
140-->[com.google.firebase:firebase-auth:22.3.1] AndroidManifest.xml:43:21-37
141                    android:scheme="recaptcha" />
141-->[com.google.firebase:firebase-auth:22.3.1] AndroidManifest.xml:44:21-48
142            </intent-filter>
143        </activity>
144
145        <property
145-->[com.google.android.gms:play-services-measurement-api:21.5.0] AndroidManifest.xml:30:9-32:61
146            android:name="android.adservices.AD_SERVICES_CONFIG"
146-->[com.google.android.gms:play-services-measurement-api:21.5.0] AndroidManifest.xml:31:13-65
147            android:resource="@xml/ga_ad_services_config" />
147-->[com.google.android.gms:play-services-measurement-api:21.5.0] AndroidManifest.xml:32:13-58
148
149        <provider
149-->[com.google.firebase:firebase-common:20.4.2] AndroidManifest.xml:23:9-28:39
150            android:name="com.google.firebase.provider.FirebaseInitProvider"
150-->[com.google.firebase:firebase-common:20.4.2] AndroidManifest.xml:24:13-77
151            android:authorities="com.example.flutter_app.firebaseinitprovider"
151-->[com.google.firebase:firebase-common:20.4.2] AndroidManifest.xml:25:13-72
152            android:directBootAware="true"
152-->[com.google.firebase:firebase-common:20.4.2] AndroidManifest.xml:26:13-43
153            android:exported="false"
153-->[com.google.firebase:firebase-common:20.4.2] AndroidManifest.xml:27:13-37
154            android:initOrder="100" />
154-->[com.google.firebase:firebase-common:20.4.2] AndroidManifest.xml:28:13-36
155
156        <receiver
156-->[com.google.android.gms:play-services-measurement:21.5.0] AndroidManifest.xml:29:9-33:20
157            android:name="com.google.android.gms.measurement.AppMeasurementReceiver"
157-->[com.google.android.gms:play-services-measurement:21.5.0] AndroidManifest.xml:30:13-85
158            android:enabled="true"
158-->[com.google.android.gms:play-services-measurement:21.5.0] AndroidManifest.xml:31:13-35
159            android:exported="false" >
159-->[com.google.android.gms:play-services-measurement:21.5.0] AndroidManifest.xml:32:13-37
160        </receiver>
161
162        <service
162-->[com.google.android.gms:play-services-measurement:21.5.0] AndroidManifest.xml:35:9-38:40
163            android:name="com.google.android.gms.measurement.AppMeasurementService"
163-->[com.google.android.gms:play-services-measurement:21.5.0] AndroidManifest.xml:36:13-84
164            android:enabled="true"
164-->[com.google.android.gms:play-services-measurement:21.5.0] AndroidManifest.xml:37:13-35
165            android:exported="false" />
165-->[com.google.android.gms:play-services-measurement:21.5.0] AndroidManifest.xml:38:13-37
166        <service
166-->[com.google.android.gms:play-services-measurement:21.5.0] AndroidManifest.xml:39:9-43:72
167            android:name="com.google.android.gms.measurement.AppMeasurementJobService"
167-->[com.google.android.gms:play-services-measurement:21.5.0] AndroidManifest.xml:40:13-87
168            android:enabled="true"
168-->[com.google.android.gms:play-services-measurement:21.5.0] AndroidManifest.xml:41:13-35
169            android:exported="false"
169-->[com.google.android.gms:play-services-measurement:21.5.0] AndroidManifest.xml:42:13-37
170            android:permission="android.permission.BIND_JOB_SERVICE" />
170-->[com.google.android.gms:play-services-measurement:21.5.0] AndroidManifest.xml:43:13-69
171
172        <activity
172-->[com.google.android.gms:play-services-base:18.0.1] AndroidManifest.xml:20:9-22:45
173            android:name="com.google.android.gms.common.api.GoogleApiActivity"
173-->[com.google.android.gms:play-services-base:18.0.1] AndroidManifest.xml:20:19-85
174            android:exported="false"
174-->[com.google.android.gms:play-services-base:18.0.1] AndroidManifest.xml:22:19-43
175            android:theme="@android:style/Theme.Translucent.NoTitleBar" />
175-->[com.google.android.gms:play-services-base:18.0.1] AndroidManifest.xml:21:19-78
176
177        <uses-library
177-->[androidx.window:window:1.0.0-beta04] AndroidManifest.xml:25:9-27:40
178            android:name="androidx.window.extensions"
178-->[androidx.window:window:1.0.0-beta04] AndroidManifest.xml:26:13-54
179            android:required="false" />
179-->[androidx.window:window:1.0.0-beta04] AndroidManifest.xml:27:13-37
180        <uses-library
180-->[androidx.window:window:1.0.0-beta04] AndroidManifest.xml:28:9-30:40
181            android:name="androidx.window.sidecar"
181-->[androidx.window:window:1.0.0-beta04] AndroidManifest.xml:29:13-51
182            android:required="false" />
182-->[androidx.window:window:1.0.0-beta04] AndroidManifest.xml:30:13-37
183        <uses-library
183-->[androidx.privacysandbox.ads:ads-adservices:1.0.0-beta05] AndroidManifest.xml:23:9-25:40
184            android:name="android.ext.adservices"
184-->[androidx.privacysandbox.ads:ads-adservices:1.0.0-beta05] AndroidManifest.xml:24:13-50
185            android:required="false" />
185-->[androidx.privacysandbox.ads:ads-adservices:1.0.0-beta05] AndroidManifest.xml:25:13-37
186
187        <meta-data
187-->[com.google.android.gms:play-services-basement:18.1.0] AndroidManifest.xml:21:9-23:69
188            android:name="com.google.android.gms.version"
188-->[com.google.android.gms:play-services-basement:18.1.0] AndroidManifest.xml:22:13-58
189            android:value="@integer/google_play_services_version" />
189-->[com.google.android.gms:play-services-basement:18.1.0] AndroidManifest.xml:23:13-66
190    </application>
191
192</manifest>